-1.4783601539945757
-0.16107724507523985
-0.15789820051982262
-0.1410179706118918
-0.20365993435582563
-0.19944711634187132
-0.18222371550385444
-0.23733009959161397
-0.23347345105927927
-0.21797472435560547
-0.26374164402270506
-0.26008514733640364
-0.2514309003690081
-0.2807944092543806
-0.27865126334053175
-0.27212729607303604
-0.29183443530631087
-0.2895803762638482
-0.28182272941712866
-0.2991401485722118
-0.29638250555328366
-0.28898575500090296
-0.30098384148587853
-0.2987116105258999
-0.2898261089735044
-0.3002438165298505
-0.29720731829358243
-0.28962144138403917
-0.2961495843660741
-0.2924405339084989
-0.2845791674680868
-0.2885984051436846
-0.2850336779364903
-0.27897895242004755
-0.277088617082547
-0.2749378246508902
-0.27004998010461123
-0.2648891657480576
-0.2636384469817509
-0.25712940388523126
-0.25093153764582865
-0.24972350931752418
-0.2447014323958264
-0.23754791386215257
-0.2397885891134072
-0.23260461375989663
-0.22516255560043286
-0.22674012957602463
-0.2214524347747371
-0.21251990403177237
-0.2146001624005631
-0.2099359647969934
-0.20540543168691613
-0.20763770731319497
-0.21235674470764962
-0.2034303420799074
-0.20493912146916984
-0.2079130161212963
-0.19414018114238776
-0.19479312146756003
-0.19897159985328097
-0.17524038519836188
-0.1765473105763992
-0.1805358571742917
-0.14841393862559865
-0.15119530161776343
-0.15290127033308498
-0.1882628674462946
-0.1851895319077266
-0.17919607556276115
-0.2272390070569845
-0.22253138176525858
-0.21504892157998476
-0.25745454086878533
-0.25223082608699327
-0.24792729886695458
-0.2789439035889603
-0.2752493530494099
-0.27776593939672334
-0.29312552450338186
-0.29131163084912165
-0.29661578524672544
-0.30442178471518366
-0.3037612112482718
-0.31057467310014236
-0.31320006123296207
-0.31346410125771423
-0.32261806944507987
-0.3190569568545768
-0.32127438687569426
-0.33045651114649477
-0.3239885287053026
-0.3274848065014646
-0.33594572928077077
-0.32815392682450406
-0.3318214956408341
-0.3401083088299959
-0.32993338592539806
-0.33426364066811265
-0.34234936600229954
-0.33049274925513095
-0.334851843052176
-0.3418763246315547
-0.32947579497956564
-0.333851480706265
-0.3392395448648834
-0.32740627274603873
-0.3309678994580876
-0.3360844303960419
-0.3230324956864634
-0.32672252263697155
-0.3326830106455175
-0.31798135148656287
-0.32178206212002347
-0.3280297789202171
-0.3092675079877015
-0.312870666133764
-0.3195556574337902
-0.29554198041531077
-0.29857118107716507
-0.30448265133585956
-0.27525426681603776
-0.27781215017900085
-0.2849712853974949
-0.24715882243439422
-0.2511591345347887
-0.25755611414594815
-0.21099692174529827
-0.2157210726135124
-0.22168470610433758
-0.19515500364304775
-0.19100606391769656
-0.183817429469587
-0.23929754156368582
-0.23284052443400946
-0.22319045103933738
-0.2740211302583141
-0.2675374119412823
-0.2575689582422041
-0.2991573668711336
-0.29352073753111024
-0.29133888233711464
-0.31617583326861437
-0.31196336311246087
-0.312738571824142
-0.32757062245106294
-0.32386281082602086
-0.3234316822438756
-0.3369764870629689
-0.3340451954995594
-0.3330036478540266
-0.34260291277239147
-0.33984571938509045
-0.3390634147055824
-0.3474802856365094
-0.3454176198589231
-0.34508422454773446
-0.35092716677042557
-0.3491011213629774
-0.3506195045107824
-0.3520221113005118
-0.35092762206394
-0.3539089380650693
-0.35133334397288585
-0.3513000740119228
-0.3537853400062006
-0.3498732685448822
-0.3494041902800926
-0.3527911571196813
-0.34773625606862535
-0.34729473033773417
-0.35110717672893155
-0.3441702533936882
-0.34342985466462184
-0.3486008949543005
-0.33888035071810774
-0.3392524457694946
-0.34659084234837995
-0.32997506316076725
-0.33061219325486196
-0.3412138367932445
-0.31529850823622335
-0.31681721881725117
-0.329718825853964
-0.30038549464204556
-0.30080399429004406
-0.315754564217837
-0.2821135505988002
-0.2819127661691686
-0.3004598541346238
-0.25736387738016564
-0.2629064113193868
-0.27527632742782593
-0.3856895929784115
-0.3863045204491953
-0.3763061382676984
-0.3809049287859942
-0.3816449229196486
-0.37104267397193846
-0.3762621368784914
-0.3772978794434087
-0.36646758364399323
-0.37247996445255627
-0.3730434705900679
-0.36288636109491107
-0.36793976598535105
-0.3682152998393585
-0.3577860561982693
-0.363069360160461
-0.36327904908100617
-0.3544511481990983
-0.357768413778213
-0.3588522801161409
-0.35096369107219155
-0.3515323202618739
-0.35299645732347346
-0.3465181867079342
-0.344374453753593
-0.34614223077412404
-0.3409553197010922
-0.3351782864813665
-0.3368968763209033
-0.3329577346530973
-0.3256354729595342
-0.3273814992431951
-0.32293052875218975
-0.3137413878063804
-0.3159907207595569
-0.3131034054652546
-0.3018316214411272
-0.3042262370841855
-0.30240487931604365
-0.28742494957142506
-0.2902276610632256
-0.28936916188194456
-0.27441029900943065
-0.2765122888790674
-0.2764982285275483
-0.26007567976613216
-0.2617338861943435
-0.26272624703905617
-0.2469802149365381
-0.24757031452876066
-0.24950934845090106
-0.24944036846381587
-0.24776903679248558
-0.24359765017185162
-0.26047705564442886
-0.25992864016482725
-0.2547411288065
-0.27129383511127514
-0.2709805081858648
-0.2662854906154377
-0.2804829888515274
-0.2815010820703004
-0.2757866451092443
-0.29027249694127505
-0.29155545735129884
-0.2862355268832042
-0.2983808365225118
-0.30005723172053855
-0.29375844695310016
-0.3071244956037408
-0.30846818364236217
-0.30178112498323223
-0.3154951441185459
-0.31663153927672
-0.31066161940321446
-0.3232471673611
-0.32409352011471804
-0.3201339953011817
-0.3303928379781454
-0.3310090165147938
-0.3285117639857078
-0.33702586728590606
-0.3375022169202727
-0.3366776109227105
-0.3421391911488696
-0.34251365942320144
-0.344367386993072
-0.34659489101304103
-0.34752636028313527
-0.3502319955874657
-0.35047037717472207
-0.351618758900206
-0.35582371232503646
-0.3527919975444692
-0.35405417760417707
-0.3589812216334594
-0.3543614127398598
-0.35612844747228917
-0.3621889552758244
-0.3556386444393671
-0.35745636519150076
-0.3632547810872468
-0.3564679572103535
-0.3588879157069097
-0.36349970183685315
-0.3570383571510023
-0.3595915218034937
-0.36341542238615554
-0.3576428924823023
-0.36026208082922273
-0.3633717793163966
-0.35742845595906436
-0.3603436032335745
-0.3621395213845384
-0.35761037544337576
-0.360290220190295
-0.3611996092737732
-0.35772012018001087
-0.35972028137208323
-0.3594562619918538
-0.3572363309277378
-0.3591822274060341
-0.3590058260140929
-0.35681984565220737
-0.3594705770430338
-0.3570163408823942
-0.35779333061344654
-0.3595889839752416
-0.35648443603501745
-0.3592046557183298
-0.3606602967741801
-0.356742378278162
-0.3614250870164502
-0.36142055543293833
-0.3562504714510661
-0.36359638824858714
-0.3635746208449964
-0.35738812009447024
-0.3664275812954612
-0.36532757594026305
-0.35966319269406644
-0.368896037431497
-0.3674700106286793
-0.36254796917778637
-0.37078986882184467
-0.3689806602754732
-0.36478892407280306
-0.3725808096666389
-0.3710713140949387
-0.36681995979958154
-0.3742186569060571
-0.3721715432089071
-0.36892446385723987
-0.37515800462602145
-0.37404833381415353
-0.37030897818123315
-0.3762841863231985
-0.3755530748708023
-0.37284758520720634
-0.3769551165027168
-0.3765183906695636
-0.3732113123825958
-0.37729562332364247
-0.3767145899474258
-0.37366884358026975
-0.3766123313243992
-0.37670136896427464
-0.37219467018322333
-0.3766695979758699
-0.37599389714858
-0.37141938989611706
-0.37559805737617874
-0.37456203120971204
-0.3692502921887627
-0.3730996474945935
-0.3732910233750436
-0.36669974526846166
-0.37043800663975074
-0.37085714612037357
-0.36431699856436556
-0.3664625621990888
-0.36737411692945116
-0.3617276060767244
-0.36660713355916763
-0.36630651304069395
-0.3596345738993672
-0.3699637877971101
-0.3676064838895499
-0.36158281572286005
-0.3754483790901488
-0.37739101471182024
-0.36639394289473576
-0.23504888025975937
-0.23301391340437214
-0.22500183409874364
-0.2524468459066784
-0.25065452862522913
-0.24154676175448722
-0.27002387967801184
-0.26726454614204326
-0.2578590213780892
-0.28673950418329025
-0.2835742404361321
-0.2743044592306023
-0.3013179422790708
-0.2976339706071368
-0.288739068152589
-0.31589508347404494
-0.31220277939822444
-0.30353766741006283
-0.32865272319254313
-0.32489995084753115
-0.31666620965586645
-0.34047714642027743
-0.3365803247865776
-0.329569384596545
-0.35131610692268267
-0.34792821882972713
-0.34353125715295413
-0.3611012785391849
-0.3577413441518662
-0.3567331956226839
-0.36972830352024133
-0.36708761199307777
-0.3669203348023482
-0.37741940120079126
-0.3756155107825536
-0.37629551330445793
-0.38373414602129846
-0.3825792445609178
-0.3854479362518728
-0.3905334121198719
-0.3898753094923215
-0.3918742119102337
-0.39608231584693165
-0.39511045670906075
-0.3964781044907561
-0.4005312527536506
-0.3999487277078548
-0.4019965321075342
-0.40527729831904985
-0.4051710571865052
-0.4058094469947101
-0.4095916439853259
-0.40927236683845225
-0.40945469682172086
-0.4132423810076399
-0.41325704498697075
-0.41446147644562686
-0.41677648674007983
-0.41691959839472265
-0.4178043071338668
-0.42003877413143614
-0.4196684760221535
-0.42066649487076696
-0.42161103043739767
-0.4221869199335876
-0.42368431421919445
-0.4237730426349766
-0.4240422120401107
-0.4256119520651866
-0.4266877178014358
-0.42672982915823277
-0.42759402214447256
-0.42814928109651706
-0.42838205974824095
-0.4300084054177084
-0.4301686050054063
-0.4299115036152749
-0.431212971484981
-0.43186981930549534
-0.4316413772950805
-0.4320635785453835
-0.4336132249987219
-0.43360609476332346
-0.4334470148205493
-0.4339611414736349
-0.43436468344616613
-0.4341504523308548
-0.4349855204026353
-0.4358315834315651
-0.43638192113202784
-0.4358594927549828
-0.4356896299447628
-0.43706575603509495
-0.4351422491601375
-0.4364858498000304
-0.43726917182754504
-0.4357405952246075
-0.4364222673105806
-0.43708238768350083
-0.4355184905361996
-0.43650883059993517
-0.43798111040280296
-0.4339714774212117
-0.4361969246694289
-0.4352410729925714
-0.43454609897066077
-0.4350946703163473
-0.4343239643346345
-0.43386674570479744
-0.43508831027016487
-0.4342121795469552
-0.43306666193719445
-0.434934851794497
-0.4341643158248141
-0.4322373334195544
-0.43393631548588185
-0.43306454033713826
-0.4319868994964264
-0.4325370093405017
-0.4327676048351499
-0.43010466675063586
-0.43164230178080787
-0.4326326028285664
-0.42934443721268317
-0.43150053036999514
-0.43083019942877027
-0.42816278001919
-0.4316280413815211
-0.43005589812955297
-0.4277926882789593
-0.4298764012273696
-0.4287034711448801
-0.4262341397905514
-0.4277847859193963
-0.42942682629848133
-0.42548156928695574
-0.4284293715513758
-0.4280604085365441
-0.42270375278521954
-0.42591737978275496
-0.42771067147594144
-0.420686134379292
-0.4246892920059124
-0.424883520238366
-0.41907346644590754
-0.4229843882737154
-0.4236885654094264
-0.41481748084160036
-0.41915023897066517
-0.42083967205671163
-0.4115797819332901
-0.41430710257668574
-0.41659989538548153
-0.407458168388807
-0.4105397797435581
-0.4116682907084982
-0.40140520507842625
-0.4042239852701436
-0.4066475787351598
-0.39715893998980595
-0.39744336912359135
-0.40201062773932883
-0.39051163663286154
-0.3908054770813168
-0.396062980713121
-0.3824203829031171
-0.3829847613654503
-0.3878799470811207
-0.37498865146701504
-0.3745963583832448
-0.37956564491198347
-0.3650658340036479
-0.36433397516954874
-0.370233138814403
-0.3533503541716834
-0.3531068868000449
-0.3604865409740859
-0.3408519216165296
-0.34046968983540704
-0.34743142558135853
-0.3277030249495182
-0.3270655792093041
-0.33468669082071273
-0.3124781211288218
-0.31279096741726425
-0.32054077849653634
-0.29735681864794644
-0.29718802389385535
-0.3053085135984452
-0.2808315579134614
-0.2819394583643695
-0.28840051892102614
-0.1779628044579821
-0.1798533281194461
-0.18534904378033082
-0.18723849928982592
-0.18825729907312816
-0.19431452111905184
-0.1966966309926172
-0.19782373943178844
-0.20352848437102208
-0.2028758224647336
-0.2047021169387426
-0.2106267199849894
-0.20173930663770454
-0.19810630761559847
-0.1957773809025668
-0.21348217386475718
-0.20997550203193907
-0.20739594418873072
-0.22614943594814155
-0.22343741714151155
-0.22034198163559843
-0.23795579912898138
-0.23617470424907547
-0.23207492127517879
-0.22461234790317222
-0.22840631992937344
-0.23528816765580918
-0.16404965207528083
-0.16965423285648376
-0.1729249488085776
-0.2598284638171956
-0.26107102275784605
-0.26439603965664416
-0.24243049817027765
-0.24343040753698894
-0.24785111200090074
-0.11011796907621596
-0.1148676998128133
-0.11456237139033952
-0.22485346439894546
-0.2268203900201751
-0.23153885237730062
-0.17724499443016956
-0.18219780657777837
-0.1888189584680869
-0.20813783989366705
-0.2105106957260866
-0.21509341452478656
-0.1221275454527645
-0.1285800309989297
-0.13306002041173137
-0.19355940179788605
-0.19645096555508132
-0.20065880560280117
-0.198076134130589
-0.19864700795052642
-0.19625889359026616
-0.23419473694924067
-0.23430980405864432
-0.2364700908077854
-0.18276781776640558
-0.1812775692136084
-0.18481842766573886
-0.22144442646098886
-0.22084444968895922
-0.22340708075682722
-0.14185855831567468
-0.1403601557335373
-0.13333425655011838
-0.21409321489387448
-0.2121454777978487
-0.20099735483436135
-0.14717510500770867
-0.14386791136173024
-0.13476546494267555
-0.19789922156857126
-0.19689691226836314
-0.18401357532845483
-0.11856913907091073
-0.11448303798307516
-0.09104183063842328
-0.18288386030906167
-0.18129240333559374
-0.16878131043036312
-0.16633003071119765
-0.16477526345097135
-0.16806140830510202
-0.20880315756631332
-0.20808403717425086
-0.21029346332984708
-0.10518971291918225
-0.10495377149390187
-0.09525078793495058
-0.16786171373330308
-0.16701779154355406
-0.1546372725018658
-0.11026905351707338
-0.10824950581854767
-0.09942783614412061
-0.1546730160843774
-0.15355330963711308
-0.14184250481367588
-0.1664210199762741
-0.16861985100577154
-0.1746513480690933
-0.18861838130161734
-0.18522007852884076
-0.1838373250872193
-0.07988548854675621
-0.08593680187710385
-0.0867322034032484
-0.178982260602911
-0.18188215676399305
-0.1858602063453269
-0.1389320372868781
-0.14382442838413056
-0.14849285928838968
-0.16622462088441237
-0.16918498531468676
-0.1727316640995219
-0.1483087991086352
-0.1461104398960425
-0.15138549887815775
-0.19825467397025437
-0.19609483203873682
-0.19888917618887098
-0.08858606507800972
-0.08561514217713669
-0.06089741085973136
-0.1422628177849734
-0.14089947381892795
-0.1286857820527961
-0.07664378064754718
-0.07612701543796709
-0.06723158671745016
-0.13083834932736818
-0.129672385449424
-0.11885688016777182
-0.1560599085064083
-0.15892144143902465
-0.16591529568565946
-0.17763234616488036
-0.17419086246560342
-0.17372182083496068
-0.08957525799027341
-0.09603290407336822
-0.10041450785077292
-0.15440019765667815
-0.1575003065452946
-0.1604238351573463
-0.05803229897591592
-0.06440867298770668
-0.065613950831027
-0.14355293288042875
-0.14616467713047132
-0.14874624689720217
-0.12894201585257198
-0.12718613722114772
-0.1330851245137001
-0.18726070169555004
-0.1847865024348118
-0.1869176113026642
-0.11189736911397416
-0.10951521864849992
-0.11514224475481769
-0.17819488620956464
-0.17534724808779992
-0.17772570168326585
-0.0662975170955911
-0.06583202943929965
-0.06258345692844844
-0.05836611457335872
-0.0576003652136636
-0.0538324867889644
-0.050686160201464825
-0.049982826733334346
-0.0474297668779054
-0.04400983943051289
-0.04329056946037197
-0.04200650429623988
-0.08307470110144928
-0.0812987394178582
-0.07381326790352746
-0.12116559284066362
-0.11938906395038994
-0.10921542759005076
-0.06733456878965144
-0.06539199626013933
-0.04290443569862236
-0.11135000252099499
-0.10988017453051639
-0.10054235269135606
-0.14550852224506905
-0.14874975194378878
-0.15645443886529664
-0.16680310413095412
-0.16421653791549667
-0.1646750334538994
-0.13598746399903347
-0.13954493309440957
-0.1477046576485312
-0.15798117605677775
-0.15541405885266565
-0.15531007305328287
-0.12718727558524526
-0.1303564053795999
-0.13983296661249736
-0.14971234989248489
-0.1470922326028977
-0.14801540720977044
-0.10870971193921383
-0.11303646741097245
-0.11582878352100802
-0.13374745704713206
-0.13642581301388887
-0.1383739292863442
-0.06715557457607352
-0.07185271865347846
-0.07457498469316617
-0.12503440070846142
-0.12704320441346795
-0.12872821328925066
-0.09698483108580033
-0.09430729901143693
-0.09752291364098738
-0.16882080924146795
-0.16628626311956737
-0.16835971404417435
-0.07183597815566854
-0.07197896410813029
-0.07083680040318663
-0.07559790973592538
-0.07677052144793074
-0.07695313013333575
-0.1596980730181582
-0.15730107671973909
-0.15868918761528014
-0.0555636525277782
-0.05492914741531957
-0.04614562046089586
-0.10243150218480838
-0.1009241461903117
-0.09194142870758251
-0.06282777773606026
-0.06077943806299365
-0.05414815750782391
-0.09458201214731558
-0.0928409856947764
-0.08474352572468503
-0.05194515821382179
-0.04984245756512311
-0.02967625856625166
-0.08777996164463792
-0.08596213021419694
-0.07941647045355789
-0.07888477767126408
-0.08029214281126149
-0.07971774098996293
-0.15114024183803085
-0.14909987865365348
-0.14889235732011896
-0.03822546447203834
-0.03727193886509933
-0.03787768098071248
-0.040876414521987856
-0.03932921729053099
-0.029758073750180566
-0.08070685359118249
-0.07907615874902646
-0.07185174613061693
-0.12062718895151926
-0.12347530940768708
-0.13385820524569195
-0.14334502381508193
-0.14108847883874484
-0.1428796870474529
-0.1141022324354285
-0.11687453943368578
-0.12547572144472696
-0.13710893029874333
-0.13523265604607718
-0.13843418268319513
-0.10869681744733994
-0.11036835144400499
-0.120173802690408
-0.13180798391649526
-0.13080588708121182
-0.13494672555628798
-0.10293973676691769
-0.10392798122038434
-0.11332064017883879
-0.12693757809160505
-0.1258696363228594
-0.13161181755711637
-0.04408014882169264
-0.0488900473096336
-0.049994938916013254
-0.1172348279257184
-0.1185153056239914
-0.12072924346248186
-0.08684329756490035
-0.08961887600696629
-0.09149485267559174
-0.11066141479158147
-0.11150516103301895
-0.11316122778354393
-0.08410016328223333
-0.0805305552718082
-0.08173605748194401
-0.08203285437147839
-0.08266954262215942
-0.08049331693770781
-0.14291009802738014
-0.14148743547944584
-0.1404171977063024
-0.08345430555533025
-0.08337068767166948
-0.07890928523940725
-0.1356386749082665
-0.13428981029939324
-0.13215632948976225
-0.03256480297659479
-0.03199591062724472
-0.035816192015269664
-0.04799393584580393
-0.04597071343140121
-0.0394901012019756
-0.07446979445424397
-0.07357656103325222
-0.06620836766020798
-0.09735963451648118
-0.09765619681546124
-0.1053022952536757
-0.12239737962439967
-0.12104146557214962
-0.12651151266047467
-0.09132262360093027
-0.09142649978825247
-0.09869148530026
-0.11861520719846472
-0.11678705671880871
-0.12293029011139192
-0.05206340175214754
-0.0554645909848692
-0.0575264632890875
-0.10368712954635002
-0.1041958129120738
-0.10619896200319684
-0.03653056677572606
-0.03963504440205705
-0.04033659680420268
-0.09800528230724999
-0.09891213818954392
-0.10043237267312552
-0.07058427551108808
-0.07348912117362903
-0.07513927587894541
-0.09320788794225686
-0.09381995166164542
-0.09521386460125404
-0.041901617330907505
-0.044590286324729944
-0.04724958035097854
-0.08822086340752569
-0.08833413864645184
-0.0897767681223997
-0.030903888658605046
-0.032855128315252106
-0.03344284575088977
-0.08331021923291103
-0.08371597950780027
-0.08453995789250866
-0.07225546416676681
-0.06880773584239197
-0.06917461633015554
-0.08395652206397561
-0.08322816093966795
-0.0765332675886192
-0.12960248262320567
-0.12841693476684504
-0.12492198356874219
-0.08415519804114154
-0.08181251094125887
-0.07467231035412436
-0.12427899295109228
-0.12262423619993314
-0.118697198931578
-0.0839406224291066
-0.08049670140511704
-0.07335171376024778
-0.11950138788483028
-0.11786887417439318
-0.11301947071649142
-0.08240961154960576
-0.0799315349460829
-0.0728557769477246
-0.1159017787513729
-0.1142513108956565
-0.10877204772845658
-0.08068237022235623
-0.07751887792044974
-0.07094382864105458
-0.11256863109503087
-0.11070486023045135
-0.10386792911790588
-0.07871561858226682
-0.07563067996228029
-0.06862429123249833
-0.10966049640498819
-0.10782514839795113
-0.10108984646652308
-0.04013743175847566
-0.03812959880056806
-0.018681274643803168
-0.06954574174085222
-0.06830591059757936
-0.06119398775600456
-0.028002949454166263
-0.027663115053973425
-0.034532374439102766
-0.06429016750536153
-0.06377039708604629
-0.058096938888974145
-0.03724661345212625
-0.035975677910770776
-0.03060339209824125
-0.05920520619667542
-0.05892640402375377
-0.054216477207716794
-0.024203069403393486
-0.023973480948912936
-0.03206257213522005
-0.03224557315151104
-0.030484752724509803
-0.014029445080412156
-0.051164056308400624
-0.05121172082797257
-0.04787759475854669
-0.055512584754583635
-0.05486665086371444
-0.050805115230967646
-0.03002362798915852
-0.029449473582100767
-0.018876841048009362
-0.08307956982746338
-0.08412712409426079
-0.09208074372674765
-0.11397241529096164
-0.11244001324256911
-0.11835519978344694
-0.07397163518451956
-0.07511571288454949
-0.08398386348685177
-0.10918775109854421
-0.10778041571302234
-0.11309173548768686
-0.035216115914024744
-0.03266470282847292
-0.029107872000835214
-0.03089284546349837
-0.028312889148308353
-0.026274456056699553
-0.027292583597534455
-0.025360556930556142
-0.02423880481113227
-0.05698250498547239
-0.06109051506174429
-0.06173404790448335
-0.07895257541523924
-0.07917899690696449
-0.08037689397577949
-0.06082424443216351
-0.058817892857286516
-0.05899586611187115
-0.07685445308274003
-0.07501750677757876
-0.06959748114814504
-0.10674136793906572
-0.10438475663210887
-0.09822617454733797
-0.06320209240483086
-0.06522107620792601
-0.07619120955133338
-0.10393320379090096
-0.10330277310249528
-0.10723174729301563
-0.04073111138607002
-0.038081696894569354
-0.03104053774168275
-0.025037745107918497
-0.023389345602916486
-0.02254514576533617
-0.03250791053359116
-0.035025327881230826
-0.036826320237150496
-0.07461411456976545
-0.07487845887162242
-0.07552123073695476
-0.025606801068592012
-0.026978350823286947
-0.026440710196018645
-0.0705585931197723
-0.0714941062031635
-0.07163636956744682
-0.05190908240633286
-0.05070841016850547
-0.05050391728087858
-0.07555536342413544
-0.07527858158086881
-0.07089580468851191
-0.10398759320397791
-0.10139794281935546
-0.09583628177941121
-0.02193114123622919
-0.022190109596259174
-0.012564866933379923
-0.04606805011685953
-0.04511857463240968
-0.03522380850900679
-0.09874046466232533
-0.0989675964781283
-0.1024753554311703
-0.023818117226681423
-0.021886285026052603
-0.021666375107952163
-0.02998962119479239
-0.02929241331342663
-0.02542472132485707
-0.04827323354240255
-0.04775386476653458
-0.04482104327123174
-0.027376651666964083
-0.025247666487788135
-0.012511200877572936
-0.044780500197496145
-0.044756212818079705
-0.04233981786660581
-0.016694798158879694
-0.01687740733599163
-0.007574398637361198
-0.04142093654557405
-0.04154291309276723
-0.03959175656611041
-0.052672414545465715
-0.0538490218457187
-0.06725154692216377
-0.043422838384738885
-0.04393526562129549
-0.05845749426380683
-0.09398090706132481
-0.09418912150187995
-0.09727710930225146
-0.053493948298799804
-0.05290900134386271
-0.0418150332961588
-0.05055806867658596
-0.05025385588058449
-0.03881961503844489
-0.08920927540555208
-0.08887484022211985
-0.09202328038674075
-0.05430477360644375
-0.05351500429794648
-0.044491504095167264
-0.08360870141551256
-0.08383782917399758
-0.08748063424358023
-0.022623612431168658
-0.02033083048801638
-0.020074588722308707
-0.021970070429767192
-0.018088481845220092
-0.01864284607129614
-0.0466631485733331
-0.051102586411150806
-0.051666047990980755
-0.026475776682274847
-0.028307979995507205
-0.03026306407460553
-0.06787657623151132
-0.0678514392117055
-0.0679275229357813
-0.06509461189702431
-0.06526077990790899
-0.06509055975183661
-0.022661986431904025
-0.02264439846400426
-0.021970757001757865
-0.06111166716529462
-0.06183811012109714
-0.06179124271297395
-0.038288198791588395
-0.044255694245639216
-0.04441116845019407
-0.05845901271833315
-0.05925907643195819
-0.05874818706308223
-0.04483481523741035
-0.04442785601065006
-0.04486390353562536
-0.07654062625009948
-0.07559025943732002
-0.0738896500231384
-0.10109072402063288
-0.09843338600018613
-0.09369243578518636
-0.07636935950505609
-0.07836628470470108
-0.07507321804003227
-0.09884264964487427
-0.09559405257109982
-0.09189682004613395
-0.07713960931420072
-0.07785962035323664
-0.07753165090367456
-0.09611495154873212
-0.09301467698231787
-0.09024896477695253
-0.07770196468404311
-0.07638778813190686
-0.07993702798897792
-0.09290815762607155
-0.09080034674437065
-0.08848260591745719
-0.07809360934632953
-0.07588766241481143
-0.07931101579179956
-0.09086822833892576
-0.08825025843954212
-0.08613131536499313
-0.0740571857386316
-0.07147912331142946
-0.07634061458355415
-0.08819189055823565
-0.08564511709604353
-0.08473707797764357
-0.021117634051137382
-0.02065051370054891
-0.029650420140248483
-0.022923777447521696
-0.022827777076216988
-0.02074388511171621
-0.03820622406050828
-0.0382932094200043
-0.037017729493912827
-0.02298884344311097
-0.020956250013022565
-0.010747794350721375
-0.036087295932842815
-0.035491643503605876
-0.033854548150291146
-0.018166595964014022
-0.017340418619096996
-0.025715316066791605
-0.032928511991887975
-0.03225278509305825
-0.03081919649205268
-0.0562887588557148
-0.05494283536133985
-0.047388261911722164
-0.07982227811121752
-0.07997635260766076
-0.08392983926701592
-0.021213427658178293
-0.016748852800554673
-0.016261474944800517
-0.02030871526128177
-0.022835559873471162
-0.024645819329012556
-0.05548555063760798
-0.05659041372997688
-0.05590094138011773
-0.03838447061352916
-0.0391937116570929
-0.039662470866277985
-0.06926634869942774
-0.06705889807622231
-0.0718644842493333
-0.08531205900621924
-0.08313357214810856
-0.08232598442089786
-0.0141742681442928
-0.01416599378461409
-0.008304910626064642
-0.01295888223356708
-0.012334420005322174
-0.006424771032914268
-0.011420163030831681
-0.0109816395005386
-0.006727310785279729
-0.01993748056853428
-0.018681954520427955
-0.018184499569948692
-0.0527218130600465
-0.053891238319873046
-0.05331183361231343
-0.0635102569986669
-0.06200790762451085
-0.06437049796614529
-0.08173543946037769
-0.08023814451145447
-0.07916059796762329
-0.018225182461710867
-0.01823023688694363
-0.01479010000147808
-0.016045710306791618
-0.016074674071886286
-0.0104199803310832
-0.010496506154978125
-0.010402624701931703
-0.00828155380159144
-0.05810572115827993
-0.05640999512939781
-0.049915889738518654
-0.07593255008467224
-0.07705344693417943
-0.08014073950135951
-0.017690963523784922
-0.017843408523665266
-0.016001284547280344
-0.030329937694179812
-0.03027788788270282
-0.028007247854577068
-0.018685069521593184
-0.017177044049822485
-0.0077308346519698555
-0.028198091041982735
-0.028238383136798363
-0.025378602533992725
-0.014944862104730033
-0.014018408519484613
-0.021053447035593906
-0.02564907187332992
-0.024814308326269775
-0.022655390956546315
-0.008833428414852898
-0.008987291540235049
-0.0008777021614582129
-0.01214138555266301
-0.012121570894097485
-0.00356967811337981
-0.02910867599303031
-0.02990895454950958
-0.04298913014841302
-0.03556527684780618
-0.03596583887825724
-0.05020824709058209
-0.05952417538816327
-0.05847450329619967
-0.052668190981157575
-0.07337959332484568
-0.07408146359169995
-0.0761850018666257
-0.06091726020957312
-0.05978246324557747
-0.054744153705065676
-0.0715314024677892
-0.07194607007485566
-0.07312789070523332
-0.060596379700642876
-0.06090244725315106
-0.05659434591511794
-0.06927899940575691
-0.06988890389369848
-0.0696557782137941
-0.06046408786204942
-0.06115624416926216
-0.05854616191866547
-0.06723220767813254
-0.06808872122683378
-0.06736043660886626
-0.05966083145700094
-0.060872680286072615
-0.059313075679092206
-0.06558805628852923
-0.06649252241407734
-0.06506022689813187
-0.020170813926744743
-0.015003382186319003
-0.014337018612888114
-0.01875199841479116
-0.012939764632984069
-0.012656095736779865
-0.015820847505822144
-0.01850828065541021
-0.020069115029392792
-0.04999434643190134
-0.05056245934180271
-0.05111155489448065
-0.04827192556575992
-0.04858929606983679
-0.048772070376163344
-0.031242348017110115
-0.03762269470881865
-0.038455459157700767
-0.026801960273181703
-0.03368059455945408
-0.03199582700090278
-0.01655822586174136
-0.014884009683682966
-0.014905468793705707
-0.04593276394375642
-0.04610627637313602
-0.0452174421248477
-0.0437407980093219
-0.044603775438570505
-0.04347681055691268
-0.01271242986533485
-0.015021158516834915
-0.016663563614007417
-0.042745298849377715
-0.04217325341177035
-0.04195177299769546
-0.032761376045828294
-0.03520928379944512
-0.03512733404236474
-0.02937453808201502
-0.031222266689453052
-0.030311973331142026
-0.05868546638055121
-0.05842127431212624
-0.05875714683092363
-0.07782344078911234
-0.07767952363589481
-0.07693046491592563
-0.05431441052300043
-0.053473936847824394
-0.052319561458008604
-0.07474346756518174
-0.07464266487438265
-0.07407201619621316
-0.04869159664885389
-0.04829348680656527
-0.047256705658728825
-0.07088727112719907
-0.07127581232331012
-0.07087559329811775
-0.023518436926585458
-0.02517901306579965
-0.02500043274669324
-0.06735898639005798
-0.0677956510695807
-0.06732717081159402
-0.024523185998853104
-0.026542870540704644
-0.02673442589752865
-0.06415792863163802
-0.0648622655883119
-0.06415595088004336
-0.02219567447834526
-0.02298232551674495
-0.023618887639388925
-0.024458854643074193
-0.026049446441532512
-0.026823990649600064
-0.06097723923219762
-0.06136523287811598
-0.061339209229286686
-0.020429057042181377
-0.021168728026558274
-0.021752454738204495
-0.019137974408561187
-0.019258249323768583
-0.018173318085002044
-0.02400867347056232
-0.025363650377935445
-0.02638895887297239
-0.0579527643129647
-0.058161816887606306
-0.05830773158070472
-0.013818215039312496
-0.012995431707265942
-0.011260736666155898
-0.024116052523822654
-0.022499065905980963
-0.020459431338405474
-0.009687777659203362
-0.009344390936626862
-0.010032076062880577
-0.015039622927872521
-0.013135848831229245
-0.005781668635080441
-0.022106535997037952
-0.020397891546681417
-0.017843331941048233
-0.023013728324608566
-0.024291502040174245
-0.036541577355293856
-0.058636433476398825
-0.05982783614276999
-0.0596351442184189
-0.06402055765282394
-0.06501717082744483
-0.06322512217762737
-0.05716145639202302
-0.05883284227708376
-0.060159578486631
-0.06270592285793526
-0.0637515760657042
-0.062165678317440985
-0.05534114503403661
-0.05682495645362911
-0.057976668630239564
-0.06131929517812048
-0.061648389189162885
-0.061238704726516754
-0.05318348986913353
-0.05476537581977861
-0.05564333885330634
-0.05992954662347426
-0.06024201029843261
-0.060452998802538675
-0.016938837736140206
-0.010923180879116432
-0.011480983556009919
-0.013863153637437385
-0.0119669037070277
-0.01246134677232168
-0.040585617685927784
-0.040963402704699205
-0.04004287815037159
-0.015170925173851038
-0.009370613697019907
-0.010022930337561426
-0.039346033774531816
-0.039346960370558674
-0.0371749559799415
-0.010922656422884229
-0.012278667104275246
-0.014101834938988977
-0.038799330658707394
-0.03749011994610924
-0.03631346882176769
-0.024175108600680725
-0.02997634667353876
-0.027152025642380086
-0.011327680144922907
-0.009609090432059045
-0.010117719789537228
-0.036215192582473764
-0.03649119993989099
-0.03461447808234687
-0.026722464048490335
-0.02899649899767149
-0.027581531378049928
-0.043840549463472496
-0.04261663800378111
-0.042326738064900865
-0.039634742632784874
-0.03831939504760733
-0.0374215249825147
-0.03651838458912342
-0.03531578643658352
-0.03451521857968656
-0.0240518858924984
-0.024666047613581172
-0.026493602718826954
-0.055698781798111496
-0.05501943152061941
-0.05586377339652551
-0.02337314324620853
-0.024390881797115304
-0.024217872140979094
-0.05300510146522914
-0.05203933887733809
-0.05149006165004795
-0.02265604999757576
-0.024401983566827497
-0.024814071843809564
-0.05069001989610681
-0.04947782426582025
-0.048826124763924374
-0.022041753747682198
-0.023994403404354353
-0.0248613870712523
-0.04830272134755683
-0.04748144232109298
-0.046073251961322906
-0.008800902627576365
-0.008543985965402387
-0.00991682892239864
-0.01734750751172818
-0.0195085463302916
-0.029878713388843785
-0.050839141924671885
-0.05273293331406049
-0.05413520733939969
-0.05862232025540195
-0.058819274463957974
-0.05952273376600455
-0.00781385393351774
-0.007624010135456045
-0.009977639136594902
-0.021997593588339668
-0.02656938158295038
-0.02422202839521724
-0.03536152649883
-0.03418231756578476
-0.032530303251885155
-0.008053993257923827
-0.010120134634360881
-0.011672678411571852
-0.03361259109778013
-0.030911701230924078
-0.02985495539657911
-0.009301198707002259
-0.0071930264769793015
-0.008258872424690184
-0.03231007296322315
-0.029870732793635005
-0.028326085563670313
-0.02488751243755082
-0.026882109507831917
-0.02449675829280964
-0.03394409084240232
-0.03279816650967089
-0.03191877270773225
-0.022276133182737752
-0.02574819826882597
-0.02662900500006705
-0.04673361028476764
-0.04543749712308676
-0.04407531286692982
-0.022844235293846327
-0.025873068146873002
-0.028857235118477785
-0.04482815277624053
-0.04400957542193719
-0.041793481992643725
-0.02551671372698997
-0.03003655143334909
-0.030186686452061167
-0.0433467366161053
-0.042469458018325995
-0.04000684206526388
-0.02753464321139609
-0.031722098651919564
-0.033731567215839246
-0.041955418471144895
-0.04081756017951298
-0.038768289219908554
-0.030537644074388207
-0.035023041417856296
-0.035134331168300274
-0.04083063602169269
-0.03938996086784611
-0.03760024094744025
-0.0326127485434013
-0.03449776510903019
-0.035113719585037194
-0.03920550647231542
-0.03783597901064643
-0.03564698729192059
-0.013363932910490303
-0.007612935982834362
-0.008308274856667916
-0.01247766212315221
-0.011076549435128648
-0.015901399718262457
-0.020012819766225383
-0.018229145191725686
-0.014241807372642865
-0.010564873177023384
-0.009897903097149299
-0.007378242501204712
-0.018551131166421424
-0.01669926614693991
-0.012272607921514763
-0.006401512484620934
-0.0058988073295583865
0.002216405188259988
-0.04837526217076279
-0.05058454894522056
-0.051962564825845096
-0.05756249165429687
-0.057481547898644875
-0.058859087763200785
-0.04602695911978322
-0.047874184818737085
-0.05024797161613707
-0.05653748826318839
-0.05586765044283923
-0.057937737464701766
-0.0068780406001046675
-0.006689543537874352
-0.008561480260212853
-0.012220575336870184
-0.010569610088789993
-0.002638810703519217
-0.016989796067441495
-0.01542583295041899
-0.010176928930146456
-0.010235107542668358
-0.008667226747251473
-0.011955749331239938
-0.008079844858223289
-0.007348672279660799
-0.003967444009759209
-0.013959059730565085
-0.012147076357518704
-0.007798510498511505
-0.01527705331265205
-0.01379153077888637
-0.00885530716337949
-0.004355744149745064
-0.00454360509259176
0.003260388967406946
-0.009513021520389572
-0.011061339086975869
-0.017647767882022936
-0.013098452489731831
-0.0145353934905833
-0.023106753799569845
-0.042882426306823505
-0.04553519684935938
-0.0473752990282476
-0.05562881627139477
-0.05498485709338476
-0.0562169373883936
-0.039066659801919805
-0.04141822782058877
-0.042939232283422585
-0.05393724889824997
-0.05318649487658335
-0.053494897509600355
-0.034678406254071294
-0.03695432683474689
-0.03882813005469598
-0.051771954457291686
-0.051362380038867735
-0.05058745329947021
-0.030229694423011343
-0.03113781003395131
-0.034109758043491284
-0.04986560786651452
-0.04896924202314037
-0.04764445489534729
-0.025132009505646948
-0.0257559045272095
-0.028977388653609607
-0.046772784810294156
-0.046652450316641586
-0.04426073237629892
-0.021640775304647267
-0.02089654578943217
-0.015283343722689214
-0.023914994890451787
-0.02248439991451987
-0.01759094841449174
-0.019635913443503215
-0.017831431989189166
-0.013534696851855951
-0.04424906627087517
-0.04356430804576391
-0.04145900584607383
-0.017093548203220423
-0.014408053204120851
-0.011759323244774147
-0.014870589096330171
-0.011768267055994572
-0.01055566522617767
-0.012746389964571258
-0.009449660244025417
-0.008841638360145917
-0.010510529143405192
-0.007993465624102162
-0.007689765848564554
-0.009187229483534126
-0.006896998953424298
-0.006896522937355597
-0.007783178330730123
-0.0061145839234234955
-0.00634576064920843
-0.006684503443833439
-0.005424457274114588
-0.00510566278890658
-0.005587819447051142
-0.004537344553808041
-0.004179691920117692
-0.004674744372347144
-0.004154633402730959
-0.0029087229694988006
-0.0035299394707131136
-0.0034014699494674845
-0.0018849513734067156
-0.011635116627059626
-0.0061314086020550366
-0.006858659008855913
-0.029961932588642826
-0.029295141728659706
-0.025811072428182643
-0.005944498464134134
-0.00774291679782444
-0.009564418816463518
-0.028685381393478763
-0.026950990877805604
-0.022910722776527528
-0.01832681596158318
-0.02316373312660468
-0.018952413419326724
-0.015744751096141447
-0.01607318606511142
-0.014243194627403954
-0.0067083069574414
-0.005795845269189157
-0.006587106878397918
-0.02732668280376618
-0.024291196372219687
-0.0215499448327023
-0.02529362751219311
-0.020913981687930593
-0.019750219059721522
-0.004051152315526396
-0.005884510057302583
-0.008138196356888587
-0.02230415560050184
-0.019452322116769484
-0.018354584743899373
-0.023008874256220894
-0.0226777063166557
-0.020067213138980133
-0.02061837584632479
-0.01849535110303054
-0.014962837954304377
-0.031646895905613086
-0.030353383907038237
-0.029370170677698444
-0.02963195821902058
-0.027648457080222812
-0.027272189509068772
-0.028033969898531047
-0.025075840698992758
-0.0240120529201147
-0.03147681958448323
-0.03192691119482159
-0.03330576782483929
-0.03428930345646356
-0.03358930161964371
-0.03248619055376687
-0.025168753456022975
-0.026075545998466728
-0.02480287833045451
-0.014383132362585824
-0.011802859203309146
-0.014223913327027656
-0.026173091617520856
-0.027510855794539397
-0.025339702601354996
-0.015495761195906337
-0.013391148347901994
-0.015772183567634403
-0.0011126288333205094
-0.001588289144592849
-0.0015482702406067522
-0.0010043381614978802
-0.001435309796072665
-0.0005368242709004926
-0.0005925953466045022
-0.000552912649081401
0.0008195772710724178
-0.0002695265830097382
-0.00015383377081637433
0.0004680352032750026
-0.00029963398934608335
-0.0002673572475017542
0.0004764170362116311
-0.006057365385170574
-0.005312358927838926
-0.007968796941215144
-0.00953617204695093
-0.00794367285241573
-0.002158965667030516
-0.01264427703756203
-0.01113095664621674
-0.0064753510483685104
-0.007066913069165465
-0.0072620427154521565
-0.012061663305967795
-0.02033407138042343
-0.021079908131244107
-0.023868057431582042
-0.015979352453461697
-0.01720322289991934
-0.018436712656640875
-0.041152017084849765
-0.040780038989605055
-0.03794929970465897
-0.02633542338767371
-0.024540945181187813
-0.02178052327811756
-0.025172664631388102
-0.023576816089685818
-0.019512587048018056
-0.03860623847301941
-0.03814728035754395
-0.035361532324712314
-0.02666101785398931
-0.025472003845104407
-0.022854165629826267
-0.03614372757402307
-0.035389469332809995
-0.032333658653802104
-0.026382801042509375
-0.02525404933103868
-0.023849964344216316
-0.033851393721978165
-0.03309547153936989
-0.03014616958981802
-0.002819119840917158
-0.0024325583342037554
-0.0014307658377017759
-0.001998899085511791
-0.002076254195942657
-0.0012761564635733703
-0.0016157066359485462
-0.0017244139250953525
-0.000999768992708176
-0.00954887641605166
-0.004840795622819181
-0.00550702443231756
-0.004620775601046417
-0.004247144878824174
-0.005264047346022405
-0.020369970744003395
-0.018546285476287904
-0.015150004185671933
-0.007521663719295005
-0.003423568113464228
-0.004248630331195917
-0.0019737236249755745
-0.003553824881039651
-0.006079457839668809
-0.0182317184816011
-0.014443843782870126
-0.013459870460294622
-0.016661006537154542
-0.013300905515749202
-0.010882087048476654
-0.010710054762306081
-0.011020275669405897
-0.009211240129098706
-0.002200491020375343
-0.0025858632027803553
-0.003506350366081483
-0.014986003500990093
-0.010469240132552236
-0.010297876309302685
-0.01574919514295696
-0.014299140597463738
-0.009885956839649528
-0.0077863540981822025
-0.006833647703586365
-0.00992310802730961
-0.011269772646333612
-0.009916382057093234
-0.0048393040403569105
-0.003241713642953654
-0.002929361125271936
0.005050680332028118
-0.006544367900884823
-0.005451997878314775
-0.0016934834743177266
-0.010285711711414978
-0.008552320547265686
-0.004022461597689022
-0.007369003728230593
-0.005795154081759917
-0.0005789343044849029
-0.009223188433942596
-0.007583018816967302
-0.002283960890286731
-0.0047692207305713346
-0.004856222861628986
-0.007538118226627269
-0.012270815085345757
-0.013606335176356232
-0.013581009046594822
-0.02590708535724861
-0.025067328002037224
-0.024227514324109644
-0.03166801892753882
-0.030812263823200414
-0.02767199737119346
-0.0253377311332631
-0.024612147301890454
-0.023823348470580534
-0.029578203232602705
-0.028803422572766524
-0.025053246201614917
-0.025124839076853252
-0.024639748722017723
-0.02378919304014556
-0.02794730024206679
-0.027251628459478247
-0.023340989361654376
-0.024421982028525857
-0.024078552844647317
-0.02341783535430645
-0.026183567781115323
-0.02577944766238473
-0.021644604393468908
-0.005056348675089322
-0.0020231137282324917
-0.0025713602421796396
-0.01151371012568864
-0.007330150802456535
-0.007612369456985361
-0.0064573614505993235
-0.005307037074224042
-0.00504100921480572
-0.02626096759987462
-0.02348703891673862
-0.02121186489007053
-0.005163796824184509
-0.004189483312330083
-0.005342569098801265
-0.004117629119752316
-0.003097509260120494
-0.005604297449589835
-0.0027993894098954746
-0.0021628889698309833
-0.004540422913878694
-0.005842438432154145
-0.0046792182349026405
-0.006922709866858861
-0.0017393242964215232
-0.0016180136015812611
-0.0043624177111755025
-0.007077959110226524
-0.005516996882888884
-1.2608897938925138e-05
-0.00826905026210642
-0.006443799982019838
-0.0006412812745946358
-0.005139967451390448
-0.004017843828309523
0.0004020149229492344
-0.006009689544955574
-0.004781944214198966
0.0013046380616382031
-0.003885330202662536
-0.0031822603864229216
-0.0050260297434492895
-0.0033323288473148444
-0.002071207342200971
0.00469139264802571
-0.004875947726559703
-0.0036075749434378293
0.0021952725607859757
-0.004279976825747946
-0.002922353936901984
0.0029049906828292143
-0.00538973740804714
-0.004046577016925614
0.002213963399590657
-0.0030964120700780963
-0.0020007907141485278
0.0030100082915960214
-0.0034867427671108815
-0.002286878895874262
0.003927664115436533
-0.0016457602205293342
-0.0013792595011128928
-0.000243888166805731
-0.001700193912115382
-0.0008858773567488389
0.007339907928321231
-0.0019754808587187124
-0.0010965898159671142
0.004596780958844787
-0.002682387654076858
-0.0016488942682842474
0.005440496666021605
-0.0013176290398724316
-0.0005275631247228743
0.005892338522050639
-0.001379182350379783
-0.0005797403292622339
0.006188341361724924
-0.0006506493430613129
-0.00020955164352873465
0.0025108570969754568
-0.0011382033810480368
-0.0003162567927191884
0.007812522953403721
-0.0007367466990354833
-6.234126361436554e-05
0.008440618065220175
-0.0007897459227738988
-6.234126361436554e-05
0.007512603408496827
-0.0004875540379867241
-0.00010670514919045378
0.005301665856428277
-0.0010366274335475239
-0.0002696347671713539
0.005684384832827345
-0.001504407205384602
-0.0008643166305026942
0.007239993143039949
-0.002354260380495604
-0.0017324450369784678
0.006154578015615179
-0.000869722093565123
-0.0007641003858894424
0.0009026231386889679
-0.0018541847057120028
-0.0017878647352073855
-0.0017050265858018108
-0.0031081049906110936
-0.003187283793801019
-0.0043163853813380035
-0.005760933570290248
-0.005744935821163199
-0.0034444830470838827
-0.007468592679468844
-0.007841422208331261
-0.006296205245601769
-0.009482709720033794
-0.00991746548770568
-0.009479493023975943
-0.0017615857525894718
-0.001700894817737419
0.0017732309608375298
-0.0028224611652135365
-0.0026118797374605172
0.0004482036784912048
-0.004240472099339616
-0.004191275270876098
-0.0012298977310344088
-0.023475562905718065
-0.02364293134128012
-0.02246520064385384
-0.02394066817108703
-0.023659869388498646
-0.022766135504364342
-0.024003460112824684
-0.023934339679149912
-0.02046867923634124
-0.024905579017405637
-0.024597303087618566
-0.02055469071385687
-0.020923936972071684
-0.021129283237778712
-0.019369002306324615
-0.021715553714811837
-0.022140467918509866
-0.019970738482172762
-0.0228821908344992
-0.02297621382477125
-0.0215151578370694
-0.021574408071431954
-0.02158848416797898
-0.020468912063376348
-0.02221280188278532
-0.02229290894255246
-0.020563933342913124
-0.02313567030488277
-0.023154341972171796
-0.020108503193571218
-0.018263656317972953
-0.01892687129480262
-0.018650828152662075
-0.01959071994056742
-0.020074014921881392
-0.018811832917773396
-0.019684126940252948
-0.020152320165759286
-0.020047066736892973
-0.020489934877826275
-0.020891537393847092
-0.020371521134086332
-0.013868542004841581
-0.014184956850648025
-0.013830611495277282
-0.015463495136124846
-0.016242984795016836
-0.016079488886878626
-0.01682009826139239
-0.01769243352483641
-0.017651945426889807
-0.017344145440132276
-0.017742976376106796
-0.016244735569519046
-0.018301621344881183
-0.018680456353878966
-0.017913725119021846
-0.018932039231747813
-0.019330489400288715
-0.019257034727980876
-0.010184729249307871
-0.010254800551084785
-0.009618789154082343
-0.011985840612656227
-0.012081193316317523
-0.011956717689009628
-0.014780351399368258
-0.015020390802102554
-0.012818919810102924
-0.016139681255175942
-0.016489022053180737
-0.014722052457273545
-0.0062635900620366895
-0.00665780844997228
-0.0046877234018616295
-0.007265636092599581
-0.007751030831250793
-0.006277480365166894
-0.008642385184991665
-0.008723059909892654
-0.007918127265974764
-0.009941330011436374
-0.010339917384381678
-0.007813604029307886
-0.011242238663899477
-0.012006095311087745
-0.009330132775751244
-0.012955861971537674
-0.013311846308431513
-0.011249664192062043
-0.003608504335556988
-0.004014992056226714
-0.0023669377885007035
-0.005029845668777925
-0.0050481302828005534
-0.0032501556899463303
-0.006984871202767366
-0.0075971452512120065
-0.005503701039108502
-0.008652228362682148
-0.008913632826363318
-0.006329645080734329
-0.0018707813537470375
-0.0018086082665501042
-0.0007242417594942344
-0.0026205304752109837
-0.0027907955798637685
-0.0015342023118813332
-0.004427341334210746
-0.004638620549191982
-0.003155669352124619
-0.00571308786782569
-0.005750967483394183
-0.0042513309708763075
-0.0014761766336139842
-0.001620627760414183
-0.0011631897039308958
-0.0017525653662285466
-0.0019062000644828206
-0.0016323647497505384
-0.0023699649472425726
-0.00264956451001889
-0.002015834612531563
-0.0017178815388117358
-0.0017740009886491209
-0.0011300660490063254
-0.0024387669864671807
-0.0024868990035259554
-0.0017923115492970456
-0.0035036101056948278
-0.003903352937057512
-0.002572647455171988
0.0
0.0
0.0
-0.0007181889814211904
-0.0008183360750577835
-0.0005539974211730346
0.0
0.0
0.0
-0.0007905404308778629
-0.0008504727851965137
-0.00042714684452399527
-0.0011011207378263746
-0.0011022677423024136
-0.0007359691181445576
-0.0007569654469503797
-0.0010715668049170065
-0.0004100570858981232
-0.00034893160987037997
-0.0014488406251306285
-0.0021538506380088863
-0.0003255117205084673
-0.002115354064944317
-0.004421887127318093
-0.010514121494505358
-0.006628786593973919
-0.007364213942669655
-0.008827767689423737
-0.006201272552280183
-0.006589610709695559
-0.0031585222549113637
-0.0008021121887600661
-0.001482831714020299
-0.006712322096968477
-0.004468997669633447
-0.005877836916270482
0.0007811042509562311
-0.0007144405470776591
-0.0023325216565095166
-0.005692177353894207
-0.0038988206778775144
-0.0033338245666679153
-0.0035537998420571157
-0.003666885480873383
-0.004395005202250184
0.0006496379713600208
-0.00036966223192501303
-0.0008254531481721415
-0.003136391939836742
-0.0038005813438502915
-0.0026437202913718394
-0.012785512480614752
-0.007883376929771882
-0.006791525943221203
-0.008478836079553352
-0.004752431927149556
-0.004435760071686673
-0.024457477102029897
-0.019689298854260778
-0.017446307866862694
-0.021983917482394224
-0.018136507275064166
-0.012936246874165879
-0.017773681870311444
-0.012432906584976882
-0.00987025201301371
-0.00025328327846393966
-9.039609903050819e-05
-0.0002340927952614115
-0.003677739949399681
-0.0036821089344093953
-0.003125880627446252
-0.003622382693904224
-0.0038655025435627606
-0.0030794893907879904
-0.003092557392614705
-0.002960171903530417
-0.0027171286589949715
-0.003376366867210377
-0.003582153194985291
-0.003136763250607791
-0.0025565599804637114
-0.0028300122826418798
-0.0024314275926303843
-0.003976602571299894
-0.00425506447983695
-0.0030526524105843464
-0.0008111453218196566
-0.0007609178165269323
-0.003524812444497418
-0.0003903306970327845
-0.00028608818172573476
0.0009176558238405162
-0.000451144222545513
-0.0022949416102516947
-0.0007109721103762748
-0.001934205259288465
-0.0023553128905897517
-0.0013934643346825528
-0.004313476786546012
-0.0045887863985388565
-0.0033315369260872732
-0.00459562215006039
-0.004765590251017765
-0.0032001306560205914
-0.004153840642519712
-0.004407828736863204
-0.0027653347682639307
-0.003475603435290694
-0.0035580195254587624
-0.002414124074241784
-0.0028381262087563315
-0.0024374715588621177
-0.0018342362321432679
-0.002111940970355426
-0.0016380558754523007
-0.001605089301091092
-0.001420470622279987
-0.0012254488709566643
-0.0013962385842309212
-0.0008992149372588461
-0.0008175224719656988
-0.0015596882163129565
-0.0006504710993602654
-0.00045920093020026766
-0.0010999097570517423
-0.0004972481679734785
-0.0001524410240425974
-0.0005931948607403646
-0.00011697681377012828
-8.789936922646806e-05
-0.0003317558358027732
-6.521011986132752e-05
0.0
-0.00015801484493804577
-0.00047932141466397547
-0.0011349054744900237
-0.00034613637399708263
-0.0005197909308940911
-0.0007420152061466683
0.0
-0.0014830610367429537
-6.037128033805708e-05
-0.0006824922243062776
0.0011129298725290034
-0.00011052249051109726
-0.000975573982909316
-0.0011069586528468349
-0.0012200002662518148
-0.000975573982909316
0.001092636989749409
-7.133780917510322e-05
-0.0002212727130719813
0.001276900230720187
-9.951382858365623e-05
-0.0006168012533515699
0.0015367125753969098
-1.820426290724644e-05
-0.00022555072850551083
0.0010268392540581084
-7.857554324530352e-05
-0.00030785477321123125
0.0007358278796996777
-7.857554324530352e-05
-0.00022555072850551083
0.0007358278796996777
-7.857554324530352e-05
-0.00022555072850551083
-0.0037860299111967645
-0.0034309191119252782
-0.0018182671431996986
0.00018426324097077742
-2.817601940855301e-05
-0.00039552854027958856
-0.014167491981284872
-0.009005065428562883
-0.004802629208807843
-0.0006568024107335149
-4.205653134953879e-05
0.007717065935442061
-0.0006568024107335149
-1.3813757823473338e-05
0.008675300158045742
-0.00030205916607023724
5.4839508139848376e-05
0.005836092550356674
-0.000481783264076286
-5.305682824996338e-07
0.009211290280030805
-0.00017972409800604884
-5.537007642234802e-05
0.0033751977296741314
-0.0004626870872452955
-0.0002914083378697952
0.002154536252450598
-0.0009419544006346765
-0.0009374336991199288
0.0022114447905074164
-0.0011336451584522565
-0.001253788427038622
-0.0005568128426404264
-0.0002417049051977517
-0.0001533732282349381
3.312365492456998e-05
-0.0006862016202386349
-0.0005806989390431346
-0.0001599467995465074
0.0
0.0
0.0
0.0
0.0
0.0
0.0
0.0
0.0
0.0
0.0
0.0
-0.0005098733213388018
-6.037128033805708e-05
-8.230404470572044e-05
-0.009993357957958426
-0.004099562202488045
-0.0029423268153515618
-0.0002752869466033303
-0.0002107124592182748
-0.0027431269694764447
-0.00022311495044669005
4.588024432598576e-05
0.007626883011553771
-0.00022311495044669005
4.588024432598576e-05
0.007626883011553771
-6.155331050735155e-05
-5.217720453935968e-05
0.0002960028396742886
-7.235144945667233e-05
-3.2136710138730255e-05
0.00012685057664903914
-5.6341018803886916e-05
0.0
5.0096399811044456e-05
-0.0001146398482530005
4.588024432598576e-05
0.006250674336211713
-0.0001146398482530005
4.588024432598576e-05
0.006250674336211713
-2.8608490638608864e-05
7.814415730777018e-05
0.004373322795103045
-2.8608490638608864e-05
8.222100353594684e-05
0.005709251153640257
0.0
4.076846228176656e-06
0.0013359283585372076
-8.304273844298571e-06
7.959797980042361e-06
0.0028796302947672486
-8.304273844298571e-06
7.959797980042361e-06
0.0028796302947672486
0.0
2.8242773526065437e-05
0.000958234222603677
-0.0001365026566134427
-9.022877817407932e-05
0.0017384104793009235
-5.29992237384155e-05
0.0
-0.0009280146567233439
0.0
0.0
0.0
0.0
-4.30483034575726e-06
0.0005953459985023098
0.0
-4.30483034575726e-06
0.0005953459985023098
-0.00019525181603846618
-0.00041387032654155627
0.0
-0.00015005025894607106
0.0
0.0
0.0006080302992612048
-6.193668969787485e-05
-3.239059232649364e-05
0.000647593623949841
-6.193668969787485e-05
-0.0001239433603515069
-5.289073398104237e-05
0.0
0.0
0.0006873946058644752
-1.565409359817771e-06
-7.39104328079975e-05
0.0007402853398455178
-1.565409359817771e-06
-7.39104328079975e-05
0.0004846373609274746
-1.565409359817771e-06
-7.578482848697093e-05
0.0004846373609274746
-1.565409359817771e-06
-7.578482848697093e-05
-0.00632323134590437
-0.003184380130799855
-0.0010013029101583987
3.956332468863621e-05
0.0
-9.155276802501328e-05
0.0
0.0
0.0
0.0
0.0
0.0
0.0003786961395614128
0.0
-3.426498800546707e-05
0.0003786961395614128
0.0
-7.578482848697093e-05
-0.002219888525375838
-0.0011094777757407175
0.0
-2.295644568392632e-05
0.0
0.0
4.742873038003825e-05
0.0
0.0
4.742873038003825e-05
0.0
0.0
0.0
0.0
-4.151984048150386e-05
0.0
0.0
0.0
0.0
0.0
0.0
0.0
0.0
0.0
0.0
0.0
0.0
0.0
0.0
0.0
0.0
0.0
0.0
0.0
0.0
0.0
0.0
0.0
0.0
0.0
0.0
0.0
0.0
0.0
0.0
0.0
0.0
0.0
0.0
0.0
0.0
0.0
0.0
0.0
0.0
0.0
0.0
0.0
0.0
0.0
0.0
0.0
0.0
0.0
0.0
0.0
0.0
0.0
0.0
0.0
0.0
0.0
0.0
0.0
0.0
0.0
0.0
0.0
0.0
0.0
0.0
0.0
0.0
0.0
0.0
0.0
0.0
0.0
0.0
0.0
0.0
0.0
0.0
0.0
0.0
0.0
0.0
0.0
0.0
0.0
0.0
0.0
0.0
0.0
0.0
0.0
0.0
0.0
0.0
0.0
0.0
0.0
0.0
0.0
0.0
0.0
0.0
0.0
0.0
0.0
0.0
0.0
0.0
0.0
0.0
0.0
0.0
0.0
0.0
0.0
0.0
0.0
0.0
0.0
0.0
0.0
0.0
0.0
0.0
0.0
0.0
0.0
0.0
0.0
0.0
0.0
0.0
0.0
0.0
0.0
0.0
0.0
0.0
0.0
0.0
0.0
0.0
0.0
0.0
0.0
0.0
0.0
0.0
0.0
0.0
0.0
0.0
0.0
0.0
0.0
0.0
0.0
0.0
0.0
0.0
0.0
0.0
0.0
0.0
0.0
0.0
0.0
0.0
0.0
0.0
0.0
0.0
0.0
0.0
0.0
0.0
0.0
0.0
0.0
0.0
0.0
0.0
0.0
0.0
0.0
0.0
0.0
0.0
0.0
0.0
0.0
0.0
0.0
0.0
0.0
0.0
0.0
0.0
0.0
0.0
0.0
0.0
0.0
0.0
0.0
0.0
0.0
0.0
0.0
0.0
0.0
0.0
0.0
0.0
0.0
0.0
0.0
0.0
0.0
0.0
0.0
0.0
0.0
0.0
0.0
0.0
0.0
0.0
0.0
0.0
0.0
0.0
0.0
0.0
0.0
0.0
0.0
0.0
0.0
0.0
0.0
0.0
0.0
0.0
0.0
0.0
0.0
0.0
0.0
0.0
0.0
0.0
0.0
0.0
0.0
0.0
0.0
0.0
0.0
0.0
0.0
0.0
0.0
0.0
0.0
0.0
0.0
0.0
0.0
0.0
0.0
0.0
0.0
0.0
0.0
0.0
0.0
0.0
0.0
0.0
0.0
0.0
0.0
0.0
0.0
0.0
0.0
0.0
0.0
0.0
0.0
0.0
0.0
0.0
0.0
0.0
0.0
0.0
0.0
0.0
0.0
0.0
0.0
0.0
0.0
0.0
0.0
0.0
0.0
0.0
0.0
0.0
0.0
0.0
0.0
0.0
0.0
0.0
0.0
0.0
0.0
0.0
0.0
0.0
0.0
0.0
0.0
0.0
0.0
0.0
0.0
0.0
0.0
0.0
0.0
0.0
0.0
0.0
0.0
0.0
0.0
0.0
0.0
0.0
0.0
0.0
0.0
0.0
0.0
0.0
0.0
0.0
0.0
0.0
0.0
0.0
0.0
0.0
0.0
0.0
0.0
0.0
0.0
0.0
0.0
0.0
0.0
0.0
0.0
0.0
0.0
0.0
0.0
0.0
0.0
0.0
0.0
0.0
0.0
0.0
0.0
0.0
0.0
0.0
0.0
0.0
0.0
0.0
0.0
0.0
0.0
0.0
0.0
0.0
0.0
0.0
0.0
0.0
0.0
0.0
0.0
0.0
0.0
0.0
0.0
0.0
0.0
0.0
0.0
0.0
0.0
0.0
0.0
0.0
0.0
0.0
0.0
0.0
0.0
0.0
0.0
0.0
0.0
0.0
0.0
0.0
0.0
0.0
0.0
0.0
0.0
0.0
0.0
0.0
0.0
0.0
0.0
0.0
0.0
0.0
0.0
0.0
0.0
0.0
0.0
0.0
0.0
0.0
0.0
0.0
0.0
0.0
0.0
0.0
0.0
0.0
0.0
0.0
0.0
0.0
0.0
0.0
0.0
0.0
0.0
0.0
0.0
0.0
0.0
0.0
0.0
0.0
0.0
0.0
0.0
0.0
0.0
0.0
0.0
0.0
0.0
0.0
0.0
0.0
0.0
0.0
0.0
0.0
0.0
0.0
0.0
0.0
0.0
0.0
0.0
0.0
0.0
0.0
0.0
0.0
0.0
0.0
0.0
0.0
0.0
0.0
0.0
0.0
0.0
0.0
0.0
0.0
0.0
0.0
0.0
0.0
0.0
0.0
0.0
0.0
0.0
0.0
0.0
0.0
0.0
0.0
0.0
0.0
0.0
0.0
0.0
0.0
0.0
0.0
0.0
0.0
0.0
0.0
0.0
0.0
0.0
0.0
0.0
0.0
0.0
0.0
0.0
0.0
0.0
0.0
0.0
0.0
0.0
0.0
0.0
0.0
0.0
0.0
0.0
0.0
0.0
0.0
0.0
0.0
0.0
0.0
0.0
0.0
0.0
0.0
0.0
0.0
0.0
0.0
0.0
0.0
0.0
0.0
0.0
0.0
0.0
0.0
0.0
0.0
0.0
0.0
0.0
0.0
0.0
0.0
0.0
0.0
0.0
0.0
0.0
0.0
0.0
0.0
0.0
0.0
0.0
0.0
0.0
0.0
0.0
0.0
0.0
0.0
0.0
0.0
0.0
0.0
0.0
0.0
0.0
0.0
0.0
0.0
0.0
0.0
0.0
0.0
0.0
0.0
0.0
0.0
0.0
0.0
0.0
0.0
0.0
0.0
0.0
0.0
0.0
0.0
0.0
0.0
0.0
0.0
0.0
0.0
0.0
0.0
0.0
0.0
0.0
0.0
0.0
0.0
0.0
0.0
0.0
0.0
0.0
0.0
0.0
0.0
0.0
0.0
0.0
0.0
0.0
0.0
0.0
0.0
0.0
0.0
0.0
0.0
0.0
0.0
0.0
0.0
0.0
0.0
0.0
0.0
0.0
0.0
0.0
0.0
0.0
0.0
0.0
0.0
0.0
0.0
0.0
0.0
0.0
0.0
0.0
0.0
0.0
0.0
0.0
0.0
0.0
0.0
0.0
0.0
0.0
0.0
0.0
0.0
0.0
0.0
0.0
0.0
0.0
0.0
0.0
0.0
0.0
0.0
0.0
0.0
0.0
0.0
0.0
0.0
0.0
0.0
0.0
0.0
0.0
0.0
0.0
0.0
0.0
0.0
0.0
0.0
0.0
0.0
0.0
0.0
0.0
0.0
0.0
0.0
0.0
0.0
0.0
0.0
0.0
0.0
0.0
0.0
0.0
0.0
0.0
0.0
0.0
0.0
0.0
0.0
0.0
0.0
0.0
0.0
0.0
0.0
0.0
0.0
0.0
0.0
0.0
0.0
0.0
0.0
0.0
0.0
0.0
0.0
0.0
0.0
0.0
0.0
0.0
0.0
0.0
0.0
0.0
0.0
0.0
0.0
0.0
0.0
0.0
0.0
0.0
0.0
0.0
0.0
0.0
0.0
0.0
0.0
0.0
0.0
0.0
0.0
0.0
0.0
0.0
0.0
0.0
0.0
0.0
0.0
0.0
0.0
0.0
0.0
0.0
0.0
0.0
0.0
0.0
0.0
0.0
0.0
0.0
0.0
0.0
0.0
0.0
0.0
0.0
0.0
0.0
0.0
0.0
0.0
0.0
0.0
0.0
0.0
0.0
0.0
0.0
0.0
0.0
0.0
0.0
0.0
0.0
0.0
0.0
0.0
0.0
0.0
0.0
0.0
0.0
0.0
0.0
0.0
0.0
0.0
0.0
0.0
0.0
0.0
0.0
0.0
0.0
0.0
0.0
0.0
0.0
0.0
0.0
0.0
0.0
0.0
0.0
0.0
0.0
0.0
0.0
0.0
0.0
0.0
0.0
0.0
0.0
0.0
0.0
0.0
0.0
0.0
0.0
0.0
0.0
0.0
0.0
0.0
0.0
0.0
0.0
0.0
0.0
0.0
0.0
0.0
0.0
0.0
0.0
0.0
0.0
0.0
0.0
0.0
0.0
0.0
0.0
0.0
0.0
0.0
0.0
0.0
0.0
0.0
0.0
0.0
0.0
0.0
0.0
0.0
0.0
0.0
0.0
0.0
0.0
0.0
0.0
0.0
0.0
0.0
0.0
0.0
0.0
0.0
0.0
0.0
0.0
0.0
0.0
0.0
0.0
0.0
0.0
0.0
0.0
0.0
0.0
0.0
0.0
0.0
0.0
0.0
0.0
0.0
0.0
0.0
0.0
0.0
0.0
0.0
0.0
0.0
0.0
0.0
0.0
0.0
0.0
0.0
0.0
0.0
0.0
0.0
0.0
0.0
0.0
0.0
0.0
0.0
0.0
0.0
0.0
0.0
0.0
0.0
0.0
0.0
0.0
0.0
0.0
0.0
0.0
0.0
0.0
0.0
0.0
0.0
0.0
0.0
0.0
0.0
0.0
0.0
0.0
0.0
0.0
0.0
0.0
0.0
0.0
0.0
0.0
0.0
0.0
0.0
0.0
0.0
0.0
0.0
0.0
0.0
0.0
0.0
0.0
0.0
0.0
0.0
0.0
0.0
0.0
0.0
0.0
0.0
0.0
0.0
0.0
0.0
0.0
0.0
0.0
0.0
0.0
0.0
0.0
0.0
0.0
0.0
0.0
0.0
0.0
0.0
0.0
0.0
0.0
0.0
0.0
0.0
0.0
0.0
0.0
0.0
0.0
0.0
0.0
0.0
0.0
0.0
0.0
0.0
0.0
0.0
0.0
0.0
0.0
0.0
0.0
0.0
0.0
0.0
0.0
0.0
0.0
0.0
0.0
0.0
0.0
0.0
0.0
0.0
0.0
0.0
0.0
0.0
0.0
0.0
0.0
0.0
0.0
0.0
0.0
0.0
0.0
0.0
0.0
0.0
0.0
0.0
0.0
0.0
0.0
0.0
0.0
0.0
0.0
0.0
0.0
0.0
0.0
0.0
0.0
0.0
0.0
0.0
0.0
0.0
0.0
0.0
0.0
0.0
0.0
0.0
0.0
0.0
0.0
0.0
0.0
0.0
0.0
0.0
0.0
0.0
0.0
0.0
0.0
0.0
0.0
0.0
0.0
0.0
0.0
0.0
0.0
0.0
0.0
0.0
0.0
0.0
0.0
0.0
0.0
0.0
0.0
0.0
0.0
0.0
0.0
0.0
0.0
0.0
0.0
0.0
0.0
0.0
0.0
0.0
0.0
0.0
0.0
0.0
0.0
0.0
0.0
0.0
0.0
0.0
0.0
0.0
0.0
0.0
0.0
0.0
0.0
0.0
0.0
0.0
0.0
0.0
0.0
0.0
0.0
0.0
0.0
0.0
0.0
0.0
0.0
0.0
0.0
0.0
0.0
0.0
0.0
0.0
0.0
0.0
0.0
0.0
0.0
0.0
0.0
0.0
0.0
0.0
0.0
0.0
0.0
0.0
0.0
0.0
0.0
0.0
0.0
0.0
0.0
0.0
0.0
0.0
0.0
0.0
0.0
0.0
0.0
0.0
0.0
0.0
0.0
0.0
0.0
0.0
0.0
0.0
0.0
0.0
0.0
0.0
0.0
0.0
0.0
0.0
0.0
0.0
0.0
0.0
0.0
0.0
0.0
0.0
0.0
0.0
0.0
0.0
0.0
0.0
0.0
0.0
0.0
0.0
0.0
0.0
0.0
0.0
0.0
0.0
0.0
0.0
0.0
0.0
0.0
0.0
0.0
0.0
0.0
0.0
0.0
0.0
0.0
0.0
0.0
0.0
0.0
0.0
0.0
0.0
0.0
0.0
0.0
0.0
0.0
0.0
0.0
0.0
0.0
0.0
0.0
0.0
0.0
0.0
0.0
0.0
0.0
0.0
0.0
0.0
0.0
0.0
0.0
0.0
0.0
0.0
0.0
0.0
0.0
0.0
0.0
0.0
0.0
0.0
0.0
0.0
0.0
0.0
0.0
0.0
0.0
0.0
0.0
0.0
0.0
0.0
0.0
0.0
0.0
0.0
0.0
0.0
0.0
0.0
0.0
0.0
0.0
0.0
0.0
0.0
0.0
0.0
0.0
0.0
0.0
0.0
0.0
0.0
0.0
0.0
0.0
0.0
0.0
0.0
0.0
0.0
0.0
0.0
0.0
0.0
0.0
0.0
0.0
0.0
0.0
0.0
0.0
0.0
0.0
0.0
0.0
0.0
0.0
0.0
0.0
0.0
0.0
0.0
0.0
0.0
0.0
0.0
0.0
0.0
0.0
0.0
0.0
0.0
0.0
0.0
0.0
0.0
0.0
0.0
0.0
0.0
0.0
0.0
0.0
0.0
0.0
0.0
0.0
0.0
0.0
0.0
0.0
0.0
0.0
0.0
0.0
0.0
0.0
0.0
0.0
0.0
0.0
0.0
0.0
0.0
0.0
0.0
0.0
0.0
0.0
0.0
0.0
0.0
0.0
0.0
0.0
0.0
0.0
0.0
0.0
0.0
0.0
0.0
0.0
0.0
0.0
0.0
0.0
0.0
0.0
0.0
0.0
0.0
0.0
0.0
0.0
0.0
0.0
0.0
0.0
0.0
0.0
0.0
0.0
0.0
0.0
0.0
0.0
0.0
0.0
0.0
0.0
0.0
0.0
0.0
0.0
0.0
0.0
0.0
0.0
0.0
0.0
0.0
0.0
0.0
0.0
0.0
0.0
0.0
0.0
0.0
0.0
0.0
0.0
0.0
0.0
0.0
0.0
0.0
0.0
0.0
0.0
0.0
0.0
0.0
0.0
0.0
0.0
0.0
0.0
0.0
0.0
0.0
0.0
0.0
0.0
0.0
0.0
0.0
0.0
0.0
0.0
0.0
0.0
0.0
0.0
0.0
0.0
0.0
0.0
0.0
0.0
0.0
0.0
0.0
0.0
0.0
0.0
0.0
0.0
0.0
0.0
0.0
0.0
0.0
0.0
0.0
0.0
0.0
0.0
0.0
0.0
0.0
0.0
0.0
0.0
0.0
0.0
0.0
0.0
0.0
0.0
0.0
0.0
0.0
0.0
0.0
0.0
0.0
0.0
0.0
0.0
0.0
0.0
0.0
0.0
0.0
0.0
0.0
0.0
0.0
0.0
0.0
0.0
0.0
0.0
0.0
0.0
0.0
0.0
0.0
0.0
0.0
0.0
0.0
0.0
0.0
0.0
0.0
0.0
0.0
0.0
0.0
0.0
0.0
0.0
0.0
0.0
0.0
0.0
0.0
0.0
0.0
0.0
0.0
0.0
0.0
0.0
0.0
0.0
0.0
0.0
0.0
0.0
0.0
0.0
0.0
0.0
0.0
0.0
0.0
0.0
0.0
0.0
0.0
0.0
0.0
0.0
0.0
0.0
0.0
0.0
0.0
0.0
0.0
0.0
0.0
0.0
0.0
0.0
0.0
0.0
0.0
0.0
0.0
0.0
0.0
0.0
0.0
0.0
0.0
0.0
0.0
0.0
0.0
0.0
0.0
0.0
0.0
0.0
0.0
0.0
0.0
0.0
0.0
0.0
0.0
0.0
0.0
0.0
0.0
0.0
0.0
0.0
0.0
0.0
0.0
0.0
0.0
0.0
0.0
0.0
0.0
0.0
0.0
0.0
0.0
0.0
0.0
0.0
0.0
0.0
0.0
0.0
0.0
0.0
0.0
0.0
0.0
0.0
0.0
0.0
0.0
0.0
0.0
0.0
0.0
0.0
0.0
0.0
0.0
0.0
0.0
0.0
0.0
0.0
0.0
0.0
0.0
0.0
0.0
0.0
0.0
0.0
0.0
0.0
0.0
0.0
0.0
0.0
0.0
0.0
0.0
0.0
0.0
0.0
0.0
0.0
0.0
0.0
0.0
0.0
0.0
0.0
0.0
0.0
0.0
0.0
0.0
0.0
0.0
0.0
0.0
0.0
0.0
0.0
0.0
0.0
0.0
0.0
0.0
0.0
0.0
0.0
0.0
0.0
0.0
0.0
0.0
0.0
0.0
0.0
0.0
0.0
0.0
0.0
0.0
0.0
0.0
0.0
0.0
0.0
0.0
0.0
0.0
0.0
0.0
0.0
0.0
0.0
0.0
0.0
0.0
0.0
0.0
0.0
0.0
0.0
0.0
0.0
0.0
0.0
0.0
0.0
0.0
0.0
0.0
0.0
0.0
0.0
0.0
0.0
0.0
0.0
0.0
0.0
0.0
0.0
0.0
0.0
0.0
0.0
0.0
0.0
0.0
0.0
0.0
0.0
0.0
0.0
0.0
0.0
0.0
0.0
0.0
0.0
0.0
0.0
0.0
0.0
0.0
0.0
0.0
0.0
0.0
0.0
0.0
0.0
0.0
0.0
0.0
0.0
0.0
0.0
0.0
0.0
0.0
0.0
0.0
0.0
0.0
0.0
0.0
0.0
0.0
0.0
0.0
0.0
0.0
0.0
0.0
0.0
0.0
0.0
0.0
0.0
0.0
0.0
0.0
0.0
0.0
0.0
0.0
0.0
0.0
0.0
0.0
0.0
0.0
0.0
0.0
0.0
0.0
0.0
0.0
0.0
0.0
0.0
0.0
0.0
0.0
0.0
0.0
0.0
0.0
0.0
0.0
0.0
0.0
0.0
0.0
0.0
0.0
0.0
0.0
0.0
0.0
0.0
0.0
0.0
0.0
0.0
0.0
0.0
0.0
0.0
0.0
0.0
0.0
0.0
0.0
0.0
0.0
0.0
0.0
0.0
0.0
0.0
0.0
0.0
0.0
0.0
0.0
0.0
0.0
0.0
0.0
0.0
0.0
0.0
0.0
0.0
0.0
0.0
0.0
0.0
0.0
0.0
0.0
0.0
0.0
0.0
0.0
0.0
0.0
0.0
0.0
0.0
0.0
0.0
0.0
0.0
0.0
0.0
0.0
0.0
0.0
0.0
0.0
0.0
0.0
0.0
0.0
0.0
0.0
0.0
0.0
0.0
0.0
0.0
0.0
0.0
0.0
0.0
0.0
0.0
0.0
0.0
0.0
0.0
0.0
0.0
0.0
0.0
0.0
0.0
0.0
0.0
0.0
0.0
0.0
0.0
0.0
0.0
0.0
0.0
0.0
0.0
0.0
0.0
0.0
0.0
0.0
0.0
0.0
0.0
0.0
0.0
0.0
0.0
0.0
0.0
0.0
0.0
0.0
0.0
0.0
0.0
0.0
0.0
0.0
0.0
0.0
0.0
0.0
0.0
0.0
0.0
0.0
0.0
0.0
0.0
0.0
0.0
0.0
0.0
0.0
0.0
0.0
0.0
0.0
0.0
0.0
0.0
0.0
0.0
0.0
0.0
0.0
0.0
0.0
0.0
0.0
0.0
0.0
0.0
0.0
0.0
0.0
0.0
0.0
0.0
0.0
0.0
0.0
0.0
0.0
0.0
0.0
0.0
0.0
0.0
0.0
0.0
0.0
0.0
0.0
0.0
0.0
0.0
0.0
0.0
0.0
0.0
0.0
0.0
0.0
0.0
0.0
0.0
0.0
0.0
0.0
0.0
0.0
0.0
0.0
0.0
0.0
0.0
0.0
0.0
0.0
0.0
0.0
0.0
0.0
0.0
0.0
0.0
0.0
0.0
0.0
0.0
0.0
0.0
0.0
0.0
0.0
0.0
0.0
0.0
0.0
0.0
0.0
0.0
0.0
0.0
0.0
0.0
0.0
0.0
0.0
0.0
0.0
0.0
0.0
0.0
0.0
0.0
0.0
0.0
0.0
0.0
0.0
0.0
0.0
0.0
0.0
0.0
0.0
0.0
0.0
0.0
0.0
0.0
0.0
0.0
0.0
0.0
0.0
0.0
0.0
0.0
0.0
0.0
0.0
0.0
0.0
0.0
0.0
0.0
0.0
0.0
0.0
0.0
0.0
0.0
0.0
0.0
0.0
0.0
0.0
0.0
0.0
0.0
0.0
0.0
0.0
0.0
0.0
0.0
0.0
0.0
0.0
0.0
0.0
0.0
0.0
0.0
0.0
0.0
0.0
0.0
0.0
0.0
0.0
0.0
0.0
0.0
0.0
0.0
0.0
0.0
0.0
0.0
0.0
0.0
0.0
0.0
0.0
0.0
0.0
0.0
0.0
0.0
0.0
0.0
0.0
0.0
0.0
0.0
0.0
0.0
0.0
0.0
0.0
0.0
0.0
0.0
0.0
0.0
0.0
0.0
0.0
0.0
0.0
0.0
0.0
0.0
0.0
0.0
0.0
0.0
0.0
0.0
0.0
0.0
0.0
0.0
0.0
0.0
0.0
0.0
0.0
0.0
0.0
0.0
0.0
0.0
0.0
0.0
0.0
0.0
0.0
0.0
0.0
0.0
0.0
0.0
0.0
0.0
0.0
0.0
0.0
0.0
0.0
0.0
0.0
0.0
0.0
0.0
0.0
0.0
0.0
0.0
0.0
0.0
0.0
0.0
0.0
0.0
0.0
0.0
0.0
0.0
0.0
0.0
0.0
0.0
0.0
0.0
0.0
0.0
0.0
0.0
0.0
0.0
0.0
0.0
0.0
0.0
0.0
0.0
0.0
0.0
0.0
0.0
0.0
0.0
0.0
0.0
0.0
0.0
0.0
0.0
0.0
0.0
0.0
0.0
0.0
0.0
0.0
0.0
0.0
0.0
0.0
0.0
0.0
0.0
0.0
0.0
0.0
0.0
0.0
0.0
0.0
0.0
0.0
0.0
0.0
0.0
0.0
0.0
0.0
0.0
0.0
0.0
0.0
0.0
0.0
0.0
0.0
0.0
0.0
0.0
0.0
0.0
0.0
0.0
0.0
0.0
0.0
0.0
0.0
0.0
0.0
0.0
0.0
0.0
0.0
0.0
0.0
0.0
0.0
0.0
0.0
0.0
0.0
0.0
0.0
0.0
0.0
0.0
0.0
0.0
0.0
0.0
0.0
0.0
0.0
0.0
0.0
0.0
0.0
0.0
0.0
0.0
0.0
0.0
0.0
0.0
0.0
0.0
0.0
0.0
0.0
0.0
0.0
0.0
0.0
0.0
0.0
0.0
0.0
0.0
0.0
0.0
0.0
0.0
0.0
0.0
0.0
0.0
0.0
0.0
0.0
0.0
0.0
0.0
0.0
0.0
0.0
0.0
0.0
0.0
0.0
0.0
0.0
0.0
0.0
0.0
0.0
0.0
0.0
0.0
0.0
0.0
0.0
0.0
0.0
0.0
0.0
0.0
0.0
0.0
0.0
0.0
0.0
0.0
0.0
0.0
0.0
0.0
0.0
0.0
0.0
0.0
0.0
0.0
0.0
0.0
0.0
0.0
0.0
0.0
0.0
0.0
0.0
0.0
0.0
0.0
0.0
0.0
0.0
0.0
0.0
0.0
0.0
0.0
0.0
0.0
0.0
0.0
0.0
0.0
0.0
0.0
0.0
0.0
0.0
0.0
0.0
0.0
0.0
0.0
0.0
0.0
0.0
0.0
0.0
0.0
0.0
0.0
0.0
0.0
0.0
0.0
0.0
0.0
0.0
0.0
0.0
0.0
0.0
0.0
0.0
0.0
0.0
0.0
0.0
0.0
0.0
0.0
0.0
0.0
0.0
0.0
0.0
0.0
0.0
0.0
0.0
0.0
0.0
0.0
0.0
0.0
0.0
0.0
0.0
0.0
0.0
0.0
0.0
0.0
0.0
0.0
0.0
0.0
0.0
0.0
0.0
0.0
0.0
0.0
0.0
0.0
0.0
0.0
0.0
0.0
0.0
0.0
0.0
0.0
0.0
0.0
0.0
0.0
0.0
0.0
0.0
0.0
0.0
0.0
0.0
0.0
0.0
0.0
0.0
0.0
0.0
0.0
0.0
0.0
0.0
0.0
0.0
0.0
0.0
0.0
0.0
0.0
0.0
0.0
0.0
0.0
0.0
0.0
0.0
0.0
0.0
0.0
0.0
0.0
0.0
0.0
0.0
0.0
0.0
0.0
0.0
0.0
0.0
0.0
0.0
0.0
0.0
0.0
0.0
0.0
0.0
0.0
0.0
0.0
0.0
0.0
0.0
0.0
0.0
0.0
0.0
0.0
0.0
0.0
0.0
0.0
0.0
0.0
0.0
0.0
0.0
0.0
0.0
0.0
0.0
0.0
0.0
0.0
0.0
0.0
0.0
0.0
0.0
0.0
0.0
0.0
0.0
0.0
0.0
0.0
0.0
0.0
0.0
0.0
0.0
0.0
0.0
0.0
0.0
0.0
0.0
0.0
0.0
0.0
0.0
0.0
0.0
0.0
0.0
0.0
0.0
0.0
0.0
0.0
0.0
0.0
0.0
0.0
0.0
0.0
0.0
0.0
0.0
0.0
0.0
0.0
0.0
0.0
0.0
0.0
0.0
0.0
0.0
0.0
0.0
0.0
0.0
0.0
0.0
0.0
0.0
0.0
0.0
0.0
0.0
0.0
0.0
0.0
0.0
0.0
0.0
0.0
0.0
0.0
0.0
0.0
0.0
0.0
0.0
0.0
0.0
0.0
0.0
0.0
0.0
0.0
0.0
0.0
0.0
0.0
0.0
0.0
0.0
0.0
0.0
0.0
0.0
0.0
0.0
0.0
0.0
0.0
0.0
0.0
0.0
0.0
0.0
0.0
0.0
0.0
0.0
0.0
0.0
0.0
0.0
0.0
0.0
0.0
0.0
0.0
0.0
0.0
0.0
0.0
0.0
0.0
0.0
0.0
0.0
0.0
0.0
0.0
0.0
0.0
0.0
0.0
0.0
0.0
0.0
0.0
0.0
0.0
0.0
0.0
0.0
0.0
0.0
0.0
0.0
0.0
0.0
0.0
0.0
0.0
0.0
0.0
0.0
0.0
0.0
0.0
0.0
0.0
0.0
0.0
0.0
0.0
0.0
0.0
0.0
0.0
0.0
0.0
0.0
0.0
0.0
0.0
0.0
0.0
0.0
0.0
0.0
0.0
0.0
0.0
0.0
0.0
0.0
0.0
0.0
0.0
0.0
0.0
0.0
0.0
0.0
0.0
0.0
0.0
0.0
0.0
0.0
0.0
0.0
0.0
0.0
0.0
0.0
0.0
0.0
0.0
0.0
0.0
0.0
0.0
0.0
0.0
0.0
0.0
0.0
0.0
0.0
0.0
0.0
0.0
0.0
0.0
0.0
0.0
0.0
0.0
0.0
0.0
0.0
0.0
0.0
0.0
0.0
0.0
0.0
0.0
0.0
0.0
0.0
0.0
0.0
0.0
0.0
0.0
0.0
0.0
0.0
0.0
0.0
0.0
0.0
0.0
0.0
0.0
0.0
0.0
0.0
0.0
0.0
0.0
0.0
0.0
0.0
0.0
0.0
0.0
0.0
0.0
0.0
0.0
0.0
0.0
0.0
0.0
0.0
0.0
0.0
0.0
0.0
0.0
0.0
0.0
0.0
0.0
0.0
0.0
0.0
0.0
0.0
0.0
0.0
0.0
0.0
0.0
0.0
0.0
0.0
0.0
0.0
0.0
0.0
0.0
0.0
0.0
0.0
0.0
0.0
0.0
0.0
0.0
0.0
0.0
0.0
0.0
0.0
0.0
0.0
0.0
0.0
0.0
0.0
0.0
0.0
0.0
0.0
0.0
0.0
0.0
0.0
0.0
0.0
0.0
0.0
0.0
0.0
0.0
0.0
0.0
0.0
0.0
0.0
0.0
0.0
0.0
0.0
0.0
0.0
0.0
0.0
0.0
0.0
0.0
0.0
0.0
0.0
0.0
0.0
0.0
0.0
0.0
0.0
0.0
0.0
0.0
0.0
0.0
0.0
0.0
0.0
0.0
0.0
0.0
0.0
0.0
0.0
0.0
0.0
0.0
0.0
0.0
0.0
0.0
0.0
0.0
0.0
0.0
0.0
0.0
0.0
0.0
0.0
0.0
0.0
0.0
0.0
0.0
0.0
0.0
0.0
0.0
0.0
0.0
0.0
0.0
0.0
0.0
0.0
0.0
0.0
0.0
0.0
0.0
0.0
0.0
0.0
0.0
0.0
0.0
0.0
0.0
0.0
0.0
0.0
0.0
0.0
0.0
0.0
0.0
0.0
0.0
0.0
0.0
0.0
0.0
0.0
0.0
0.0
0.0
0.0
0.0
0.0
0.0
0.0
0.0
0.0
0.0
0.0
0.0
0.0
0.0
0.0
0.0
0.0
0.0
0.0
0.0
0.0
0.0
0.0
0.0
0.0
0.0
0.0
0.0
0.0
0.0
0.0
0.0
0.0
0.0
0.0
0.0
0.0
0.0
0.0
0.0
0.0
0.0
0.0
0.0
0.0
0.0
0.0
0.0
0.0
0.0
0.0
0.0
0.0
0.0
0.0
0.0
0.0
0.0
0.0
0.0
0.0
0.0
0.0
0.0
0.0
0.0
0.0
0.0
0.0
0.0
0.0
0.0
0.0
0.0
0.0
0.0
0.0
0.0
0.0
0.0
0.0
0.0
0.0
0.0
0.0
0.0
0.0
0.0
0.0
0.0
0.0
0.0
0.0
0.0
0.0
0.0
0.0
0.0
0.0
0.0
0.0
0.0
0.0
0.0
0.0
0.0
0.0
0.0
0.0
0.0
0.0
0.0
0.0
0.0
0.0
0.0
0.0
0.0
0.0
0.0
0.0
0.0
0.0
0.0
0.0
0.0
0.0
0.0
0.0
0.0
0.0
0.0
0.0
0.0
0.0
0.0
0.0
0.0
0.0
0.0
0.0
0.0
0.0
0.0
0.0
0.0
0.0
0.0
0.0
0.0
0.0
0.0
0.0
0.0
0.0
0.0
0.0
0.0
0.0
0.0
0.0
0.0
0.0
0.0
0.0
0.0
0.0
0.0
0.0
0.0
0.0
0.0
0.0
0.0
0.0
0.0
0.0
0.0
0.0
0.0
0.0
0.0
0.0
0.0
0.0
0.0
0.0
0.0
0.0
0.0
0.0
0.0
0.0
0.0
0.0
0.0
0.0
0.0
0.0
0.0
0.0
0.0
0.0
0.0
0.0
0.0
0.0
0.0
0.0
0.0
0.0
0.0
0.0
0.0
0.0
0.0
0.0
0.0
0.0
0.0
0.0
0.0
0.0
0.0
0.0
0.0
0.0
0.0
0.0
0.0
0.0
0.0
0.0
0.0
0.0
0.0
0.0
0.0
0.0
0.0
0.0
0.0
0.0
0.0
0.0
0.0
0.0
0.0
0.0
0.0
0.0
0.0
0.0
0.0
0.0
0.0
0.0
0.0
0.0
0.0
0.0
0.0
0.0
0.0
0.0
0.0
0.0
0.0
0.0
0.0
0.0
0.0
0.0
0.0
0.0
0.0
0.0
0.0
0.0
0.0
0.0
0.0
0.0
0.0
0.0
0.0
0.0
0.0
0.0
0.0
0.0
0.0
0.0
0.0
0.0
0.0
0.0
0.0
0.0
0.0
0.0
0.0
0.0
0.0
0.0
0.0
0.0
0.0
0.0
0.0
0.0
0.0
0.0
0.0
0.0
0.0
0.0
0.0
0.0
0.0
0.0
0.0
0.0
0.0
0.0
0.0
0.0
0.0
0.0
0.0
0.0
0.0
0.0
0.0
0.0
0.0
0.0
0.0
0.0
0.0
0.0
0.0
0.0
0.0
0.0
0.0
0.0
0.0
0.0
0.0
0.0
0.0
0.0
0.0
0.0
0.0
0.0
0.0
0.0
0.0
0.0
0.0
0.0
0.0
0.0
0.0
0.0
0.0
0.0
0.0
0.0
0.0
0.0
0.0
0.0
0.0
0.0
0.0
0.0
0.0
0.0
0.0
0.0
